<?xml version="1.0" encoding="UTF-8"?>
<coverage generated="1594280626133" clover="3.2.0">
  <project timestamp="1594280626133" name="All files">
    <metrics statements="5" coveredstatements="5" conditionals="2" coveredconditionals="2" methods="2" coveredmethods="2" elements="9" coveredelements="9" complexity="0" loc="5" ncloc="5" packages="1" files="1" classes="1"/>
    <file name="isOdd.js" path="D:\Richard\Work\Coder\Web Development\Learn\JavaScript\learn-node\jest_tutorial\src\isOdd.js">
      <metrics statements="5" coveredstatements="5" conditionals="2" coveredconditionals="2" methods="2" coveredmethods="2"/>
      <line num="2" count="10" type="stmt"/>
      <line num="3" count="2" type="cond" truecount="2" falsecount="0"/>
      <line num="4" count="1" type="stmt"/>
      <line num="6" count="1" type="stmt"/>
      <line num="9" count="1" type="stmt"/>
    </file>
  </project>
</coverage>
