{"D:\\Richard\\Work\\Coder\\Web Development\\Learn\\JavaScript\\learn-node\\jest_tutorial\\src\\isOdd.js": {"path":"D:\\Richard\\Work\\Coder\\Web Development\\Learn\\JavaScript\\learn-node\\jest_tutorial\\src\\isOdd.js","statementMap":{"0":{"start":{"line":2,"column":2},"end":{"line":2,"column":45}},"1":{"start":{"line":2,"column":31},"end":{"line":2,"column":44}},"2":{"start":{"line":3,"column":2},"end":{"line":5,"column":3}},"3":{"start":{"line":4,"column":4},"end":{"line":4,"column":15}},"4":{"start":{"line":6,"column":2},"end":{"line":6,"column":14}},"5":{"start":{"line":9,"column":0},"end":{"line":9,"column":22}}},"fnMap":{"0":{"name":"isOdd","decl":{"start":{"line":1,"column":9},"end":{"line":1,"column":14}},"loc":{"start":{"line":1,"column":20},"end":{"line":7,"column":1}},"line":1},"1":{"name":"(anonymous_1)","decl":{"start":{"line":2,"column":24},"end":{"line":2,"column":25}},"loc":{"start":{"line":2,"column":31},"end":{"line":2,"column":44}},"line":2}},"branchMap":{"0":{"loc":{"start":{"line":3,"column":2},"end":{"line":5,"column":3}},"type":"if","locations":[{"start":{"line":3,"column":2},"end":{"line":5,"column":3}},{"start":{"line":3,"column":2},"end":{"line":5,"column":3}}],"line":3}},"s":{"0":2,"1":10,"2":2,"3":1,"4":1,"5":1},"f":{"0":2,"1":10},"b":{"0":[1,1]},"_coverageSchema":"1a1c01bbd47fc00a2c39e90264f33305004495a9","hash":"3bbd54d5f5e203ed0993d1355016fd99b7735cae"}
}
