{"/home/arichard/Documents/learn/javascript-workbook/unit-test-with-jest/index.js": {"path":"/home/arichard/Documents/learn/javascript-workbook/unit-test-with-jest/index.js","statementMap":{"0":{"start":{"line":2,"column":4},"end":{"line":2,"column":54}},"1":{"start":{"line":3,"column":4},"end":{"line":3,"column":13}},"2":{"start":{"line":7,"column":4},"end":{"line":7,"column":27}},"3":{"start":{"line":10,"column":0},"end":{"line":10,"column":45}}},"fnMap":{"0":{"name":"useless","decl":{"start":{"line":1,"column":9},"end":{"line":1,"column":16}},"loc":{"start":{"line":1,"column":19},"end":{"line":4,"column":1}},"line":1},"1":{"name":"amazingFunction","decl":{"start":{"line":6,"column":9},"end":{"line":6,"column":24}},"loc":{"start":{"line":6,"column":40},"end":{"line":8,"column":1}},"line":6}},"branchMap":{},"s":{"0":1,"1":1,"2":1,"3":1},"f":{"0":1,"1":1},"b":{},"_coverageSchema":"1a1c01bbd47fc00a2c39e90264f33305004495a9","hash":"9708d3be07f0d32e52ecf35315a1af4db640d303"}
}
